<?xml version="1.0" encoding="UTF-8"?>
<!-- Generated by org.testng.reporters.JUnitReportReporter -->
<testsuite skipped="0" hostname="JonsComputer" name="BuddyInfoTest" tests="8" failures="0" timestamp="2021-02-12T08:45:27 EST" time="0.123" errors="0">
  <testcase name="testChangeLastName" time="0.015" classname="BuddyInfoTest"/>
  <system-out/>
  <testcase name="testGetUnsetPhone" time="0.016" classname="BuddyInfoTest"/>
  <system-out/>
  <testcase name="testGetFirstName" time="0.016" classname="BuddyInfoTest"/>
  <system-out/>
  <testcase name="testGetInfo" time="0.015" classname="BuddyInfoTest"/>
  <system-out/>
  <testcase name="testChangeFirstName" time="0.015" classname="BuddyInfoTest"/>
  <system-out/>
  <testcase name="testCreateBuddyInfo" time="0.016" classname="BuddyInfoTest"/>
  <system-out/>
  <testcase name="testGetLastName" time="0.015" classname="BuddyInfoTest"/>
  <system-out/>
  <testcase name="testSetPhone" time="0.015" classname="BuddyInfoTest"/>
  <system-out/>
</testsuite> <!-- BuddyInfoTest -->
